<?xml version="1.0" encoding="UTF-8"?>
<testsuite name="Create New Search"
           tests="2"
           failures="0"
           errors="0"
           skipped="2"
           time="0.001">
  <properties />
  
            <testcase name="isSkipped" time="0.0" classname="com.SL8Z.testcases.Create_New_Search">
          <skipped />
    </testcase>
            <testcase name="CreateNewSearch" time="0.0" classname="com.SL8Z.testcases.Create_New_Search">
          <skipped />
    </testcase>
  
  
</testsuite>
