<?xml version="1.0" encoding="UTF-8"?>
<testsuite name="TestSuite" time="743.113" tests="8" errors="0" skipped="4" failures="0">
  <properties>
[...]
</properties>
  <testcase name="isSkipped" classname="com.SL8Z.testcases.Create_New_Search" time="0">
    <skipped/>
    <system-err><![CDATA[Starting ChromeDriver (v2.8.241075) on port 40470
]]></system-err>
  </testcase>
  <testcase name="CreateNewSearch" classname="com.SL8Z.testcases.Create_New_Search" time="0">
    <skipped/>
  </testcase>
  <testcase name="VerifyClientSideValidation" classname="com.SL8Z.testcases.Verify_Client_Side_Validation" time="338.42"/>
  <testcase name="VerifyServerSideValidation" classname="com.SL8Z.testcases.Verify_Server_Side_Validation" time="188.757"/>
  <testcase name="isSkipped" classname="com.SL8Z.testcases.Verify_Quick_Preview_Buttons" time="0">
    <skipped/>
  </testcase>
  <testcase name="VerifyQuickPreviewButtons" classname="com.SL8Z.testcases.Verify_Quick_Preview_Buttons" time="0">
    <skipped/>
  </testcase>
  <testcase name="VerifyPlacementFee" classname="com.SL8Z.testcases.Verify_Placement_Fee" time="74.026"/>
  <testcase name="VerifyEngagementDashboardPageLinks" classname="com.SL8Z.testcases.Verify_Engagement_Dashboard_Page_Links" time="141.91"/>
</testsuite>