<?xml version="1.0" encoding="UTF-8"?>
<testng-results skipped="9" failed="0" total="10" passed="1">
  <reporter-output>
    <line>
      <![CDATA[Navigated to QA Server]]>
    </line>
    <line>
      <![CDATA[Clicked on Login Link]]>
    </line>
    <line>
      <![CDATA[Clicked on Login button]]>
    </line>
    <line>
      <![CDATA[Clicked on edit button]]>
    </line>
    <line>
      <![CDATA[Verified edit button  navigates to new job posting page]]>
    </line>
    <line>
      <![CDATA[Clicked on edit button]]>
    </line>
    <line>
      <![CDATA[Verified view button  navigates to View Position page]]>
    </line>
    <line>
      <![CDATA[Clicked on Engage button]]>
    </line>
    <line>
      <![CDATA[Clicked on OnHold button]]>
    </line>
    <line>
      <![CDATA[Verified Position is OnHold]]>
    </line>
    <line>
      <![CDATA[Clicked on Resume button]]>
    </line>
    <line>
      <![CDATA[Clicked on cancel button]]>
    </line>
    <line>
      <![CDATA[Clicked on Confirm Cancel button]]>
    </line>
    <line>
      <![CDATA[Verified Auto post 003 is Cancelled]]>
    </line>
    <line>
      <![CDATA[Clicked on logout button]]>
    </line>
  </reporter-output>
  <suite name="SL8Z-Project" duration-ms="75607" started-at="2014-02-17T12:51:05Z" finished-at="2014-02-17T12:52:20Z">
    <groups>
    </groups>
    <test name="Create New Search" duration-ms="748" started-at="2014-02-17T12:51:05Z" finished-at="2014-02-17T12:51:05Z">
      <class name="com.SL8Z.testcases.Create_New_Search">
        <test-method status="PASS" signature="clearCookies()[pri:0, instance:com.SL8Z.testcases.Create_New_Search@17b90c55]" name="clearCookies" is-config="true" duration-ms="711" started-at="2014-02-17T18:21:05Z" finished-at="2014-02-17T18:21:05Z">
          <reporter-output>
          </reporter-output>
        </test-method> <!-- clearCookies -->
        <test-method status="SKIP" signature="isSkipped()[pri:0, instance:com.SL8Z.testcases.Create_New_Search@17b90c55]" name="isSkipped" is-config="true" duration-ms="0" started-at="2014-02-17T18:21:05Z" depends-on-methods="com.SL8Z.base.TestBase.clearCookies" finished-at="2014-02-17T18:21:05Z">
          <exception class="org.testng.SkipException">
            <message>
              <![CDATA[Runmode set to No]]>
            </message>
            <full-stacktrace>
              <![CDATA[org.testng.SkipException: Runmode set to No
	at com.SL8Z.testcases.Create_New_Search.isSkipped(Create_New_Search.java:20)
	at sun.reflect.NativeMethodAccessorImpl.invoke0(Native Method)
	at sun.reflect.NativeMethodAccessorImpl.invoke(NativeMethodAccessorImpl.java:57)
	at sun.reflect.DelegatingMethodAccessorImpl.invoke(DelegatingMethodAccessorImpl.java:43)
	at java.lang.reflect.Method.invoke(Method.java:606)
	at org.testng.internal.MethodInvocationHelper.invokeMethod(MethodInvocationHelper.java:84)
	at org.testng.internal.Invoker.invokeConfigurationMethod(Invoker.java:564)
	at org.testng.internal.Invoker.invokeConfigurations(Invoker.java:213)
	at org.testng.internal.Invoker.invokeConfigurations(Invoker.java:138)
	at org.testng.TestRunner.beforeRun(TestRunner.java:641)
	at org.testng.TestRunner.run(TestRunner.java:609)
	at org.testng.SuiteRunner.runTest(SuiteRunner.java:334)
	at org.testng.SuiteRunner.runSequentially(SuiteRunner.java:329)
	at org.testng.SuiteRunner.privateRun(SuiteRunner.java:291)
	at org.testng.SuiteRunner.run(SuiteRunner.java:240)
	at org.testng.SuiteRunnerWorker.runSuite(SuiteRunnerWorker.java:52)
	at org.testng.SuiteRunnerWorker.run(SuiteRunnerWorker.java:86)
	at org.testng.TestNG.runSuitesSequentially(TestNG.java:1224)
	at org.testng.TestNG.runSuitesLocally(TestNG.java:1149)
	at org.testng.TestNG.run(TestNG.java:1057)
	at org.testng.remote.RemoteTestNG.run(RemoteTestNG.java:111)
	at org.testng.remote.RemoteTestNG.initAndRun(RemoteTestNG.java:204)
	at org.testng.remote.RemoteTestNG.main(RemoteTestNG.java:175)
]]>
            </full-stacktrace>
          </exception> <!-- org.testng.SkipException -->
          <reporter-output>
          </reporter-output>
        </test-method> <!-- isSkipped -->
        <test-method status="SKIP" signature="CreateNewSearch(java.lang.String)[pri:0, instance:com.SL8Z.testcases.Create_New_Search@17b90c55]" name="CreateNewSearch" duration-ms="0" started-at="2014-02-17T18:21:05Z" data-provider="getData" finished-at="2014-02-17T18:21:05Z">
          <params>
            <param index="0">
              <value>
                <![CDATA[Automated Post 8]]>
              </value>
            </param>
          </params>
          <reporter-output>
          </reporter-output>
        </test-method> <!-- CreateNewSearch -->
      </class> <!-- com.SL8Z.testcases.Create_New_Search -->
    </test> <!-- Create New Search -->
    <test name="Verify Client Side Validation" duration-ms="10" started-at="2014-02-17T12:51:05Z" finished-at="2014-02-17T12:51:05Z">
      <class name="com.SL8Z.testcases.Verify_Client_Side_Validation">
        <test-method status="PASS" signature="clearCookies()[pri:0, instance:com.SL8Z.testcases.Verify_Client_Side_Validation@1bfdbab5]" name="clearCookies" is-config="true" duration-ms="4" started-at="2014-02-17T18:21:05Z" finished-at="2014-02-17T18:21:05Z">
          <reporter-output>
          </reporter-output>
        </test-method> <!-- clearCookies -->
        <test-method status="SKIP" signature="isSkipped()[pri:0, instance:com.SL8Z.testcases.Verify_Client_Side_Validation@1bfdbab5]" name="isSkipped" is-config="true" duration-ms="0" started-at="2014-02-17T18:21:05Z" depends-on-methods="com.SL8Z.base.TestBase.clearCookies" finished-at="2014-02-17T18:21:05Z">
          <exception class="org.testng.SkipException">
            <message>
              <![CDATA[Runmode set to No]]>
            </message>
            <full-stacktrace>
              <![CDATA[org.testng.SkipException: Runmode set to No
	at com.SL8Z.testcases.Verify_Client_Side_Validation.isSkipped(Verify_Client_Side_Validation.java:17)
	at sun.reflect.NativeMethodAccessorImpl.invoke0(Native Method)
	at sun.reflect.NativeMethodAccessorImpl.invoke(NativeMethodAccessorImpl.java:57)
	at sun.reflect.DelegatingMethodAccessorImpl.invoke(DelegatingMethodAccessorImpl.java:43)
	at java.lang.reflect.Method.invoke(Method.java:606)
	at org.testng.internal.MethodInvocationHelper.invokeMethod(MethodInvocationHelper.java:84)
	at org.testng.internal.Invoker.invokeConfigurationMethod(Invoker.java:564)
	at org.testng.internal.Invoker.invokeConfigurations(Invoker.java:213)
	at org.testng.internal.Invoker.invokeConfigurations(Invoker.java:138)
	at org.testng.TestRunner.beforeRun(TestRunner.java:641)
	at org.testng.TestRunner.run(TestRunner.java:609)
	at org.testng.SuiteRunner.runTest(SuiteRunner.java:334)
	at org.testng.SuiteRunner.runSequentially(SuiteRunner.java:329)
	at org.testng.SuiteRunner.privateRun(SuiteRunner.java:291)
	at org.testng.SuiteRunner.run(SuiteRunner.java:240)
	at org.testng.SuiteRunnerWorker.runSuite(SuiteRunnerWorker.java:52)
	at org.testng.SuiteRunnerWorker.run(SuiteRunnerWorker.java:86)
	at org.testng.TestNG.runSuitesSequentially(TestNG.java:1224)
	at org.testng.TestNG.runSuitesLocally(TestNG.java:1149)
	at org.testng.TestNG.run(TestNG.java:1057)
	at org.testng.remote.RemoteTestNG.run(RemoteTestNG.java:111)
	at org.testng.remote.RemoteTestNG.initAndRun(RemoteTestNG.java:204)
	at org.testng.remote.RemoteTestNG.main(RemoteTestNG.java:175)
]]>
            </full-stacktrace>
          </exception> <!-- org.testng.SkipException -->
          <reporter-output>
          </reporter-output>
        </test-method> <!-- isSkipped -->
        <test-method status="SKIP" signature="VerifyClientSideValidation()[pri:0, instance:com.SL8Z.testcases.Verify_Client_Side_Validation@1bfdbab5]" name="VerifyClientSideValidation" duration-ms="2" started-at="2014-02-17T18:21:05Z" finished-at="2014-02-17T18:21:05Z">
          <reporter-output>
          </reporter-output>
        </test-method> <!-- VerifyClientSideValidation -->
      </class> <!-- com.SL8Z.testcases.Verify_Client_Side_Validation -->
    </test> <!-- Verify Client Side Validation -->
    <test name="Verify Server Side Validation" duration-ms="12" started-at="2014-02-17T12:51:05Z" finished-at="2014-02-17T12:51:05Z">
      <class name="com.SL8Z.testcases.Verify_Server_Side_Validation">
        <test-method status="PASS" signature="clearCookies()[pri:0, instance:com.SL8Z.testcases.Verify_Server_Side_Validation@381bfd7]" name="clearCookies" is-config="true" duration-ms="10" started-at="2014-02-17T18:21:05Z" finished-at="2014-02-17T18:21:05Z">
          <reporter-output>
          </reporter-output>
        </test-method> <!-- clearCookies -->
        <test-method status="SKIP" signature="isSkipped()[pri:0, instance:com.SL8Z.testcases.Verify_Server_Side_Validation@381bfd7]" name="isSkipped" is-config="true" duration-ms="0" started-at="2014-02-17T18:21:05Z" depends-on-methods="com.SL8Z.base.TestBase.clearCookies" finished-at="2014-02-17T18:21:05Z">
          <exception class="org.testng.SkipException">
            <message>
              <![CDATA[Runmode set to No]]>
            </message>
            <full-stacktrace>
              <![CDATA[org.testng.SkipException: Runmode set to No
	at com.SL8Z.testcases.Verify_Server_Side_Validation.isSkipped(Verify_Server_Side_Validation.java:15)
	at sun.reflect.NativeMethodAccessorImpl.invoke0(Native Method)
	at sun.reflect.NativeMethodAccessorImpl.invoke(NativeMethodAccessorImpl.java:57)
	at sun.reflect.DelegatingMethodAccessorImpl.invoke(DelegatingMethodAccessorImpl.java:43)
	at java.lang.reflect.Method.invoke(Method.java:606)
	at org.testng.internal.MethodInvocationHelper.invokeMethod(MethodInvocationHelper.java:84)
	at org.testng.internal.Invoker.invokeConfigurationMethod(Invoker.java:564)
	at org.testng.internal.Invoker.invokeConfigurations(Invoker.java:213)
	at org.testng.internal.Invoker.invokeConfigurations(Invoker.java:138)
	at org.testng.TestRunner.beforeRun(TestRunner.java:641)
	at org.testng.TestRunner.run(TestRunner.java:609)
	at org.testng.SuiteRunner.runTest(SuiteRunner.java:334)
	at org.testng.SuiteRunner.runSequentially(SuiteRunner.java:329)
	at org.testng.SuiteRunner.privateRun(SuiteRunner.java:291)
	at org.testng.SuiteRunner.run(SuiteRunner.java:240)
	at org.testng.SuiteRunnerWorker.runSuite(SuiteRunnerWorker.java:52)
	at org.testng.SuiteRunnerWorker.run(SuiteRunnerWorker.java:86)
	at org.testng.TestNG.runSuitesSequentially(TestNG.java:1224)
	at org.testng.TestNG.runSuitesLocally(TestNG.java:1149)
	at org.testng.TestNG.run(TestNG.java:1057)
	at org.testng.remote.RemoteTestNG.run(RemoteTestNG.java:111)
	at org.testng.remote.RemoteTestNG.initAndRun(RemoteTestNG.java:204)
	at org.testng.remote.RemoteTestNG.main(RemoteTestNG.java:175)
]]>
            </full-stacktrace>
          </exception> <!-- org.testng.SkipException -->
          <reporter-output>
          </reporter-output>
        </test-method> <!-- isSkipped -->
        <test-method status="SKIP" signature="VerifyServerSideValidation()[pri:0, instance:com.SL8Z.testcases.Verify_Server_Side_Validation@381bfd7]" name="VerifyServerSideValidation" duration-ms="1" started-at="2014-02-17T18:21:05Z" finished-at="2014-02-17T18:21:05Z">
          <reporter-output>
          </reporter-output>
        </test-method> <!-- VerifyServerSideValidation -->
      </class> <!-- com.SL8Z.testcases.Verify_Server_Side_Validation -->
    </test> <!-- Verify Server Side Validation -->
    <test name="Verify Quick Preview Buttons" duration-ms="7" started-at="2014-02-17T12:51:05Z" finished-at="2014-02-17T12:51:05Z">
      <class name="com.SL8Z.testcases.Verify_Quick_Preview_Buttons">
        <test-method status="PASS" signature="clearCookies()[pri:0, instance:com.SL8Z.testcases.Verify_Quick_Preview_Buttons@12a484c7]" name="clearCookies" is-config="true" duration-ms="3" started-at="2014-02-17T18:21:05Z" finished-at="2014-02-17T18:21:05Z">
          <reporter-output>
          </reporter-output>
        </test-method> <!-- clearCookies -->
        <test-method status="SKIP" signature="isSkipped()[pri:0, instance:com.SL8Z.testcases.Verify_Quick_Preview_Buttons@12a484c7]" name="isSkipped" is-config="true" duration-ms="0" started-at="2014-02-17T18:21:05Z" depends-on-methods="com.SL8Z.base.TestBase.clearCookies" finished-at="2014-02-17T18:21:05Z">
          <exception class="org.testng.SkipException">
            <message>
              <![CDATA[Runmode set to No]]>
            </message>
            <full-stacktrace>
              <![CDATA[org.testng.SkipException: Runmode set to No
	at com.SL8Z.testcases.Verify_Quick_Preview_Buttons.isSkipped(Verify_Quick_Preview_Buttons.java:17)
	at sun.reflect.NativeMethodAccessorImpl.invoke0(Native Method)
	at sun.reflect.NativeMethodAccessorImpl.invoke(NativeMethodAccessorImpl.java:57)
	at sun.reflect.DelegatingMethodAccessorImpl.invoke(DelegatingMethodAccessorImpl.java:43)
	at java.lang.reflect.Method.invoke(Method.java:606)
	at org.testng.internal.MethodInvocationHelper.invokeMethod(MethodInvocationHelper.java:84)
	at org.testng.internal.Invoker.invokeConfigurationMethod(Invoker.java:564)
	at org.testng.internal.Invoker.invokeConfigurations(Invoker.java:213)
	at org.testng.internal.Invoker.invokeConfigurations(Invoker.java:138)
	at org.testng.TestRunner.beforeRun(TestRunner.java:641)
	at org.testng.TestRunner.run(TestRunner.java:609)
	at org.testng.SuiteRunner.runTest(SuiteRunner.java:334)
	at org.testng.SuiteRunner.runSequentially(SuiteRunner.java:329)
	at org.testng.SuiteRunner.privateRun(SuiteRunner.java:291)
	at org.testng.SuiteRunner.run(SuiteRunner.java:240)
	at org.testng.SuiteRunnerWorker.runSuite(SuiteRunnerWorker.java:52)
	at org.testng.SuiteRunnerWorker.run(SuiteRunnerWorker.java:86)
	at org.testng.TestNG.runSuitesSequentially(TestNG.java:1224)
	at org.testng.TestNG.runSuitesLocally(TestNG.java:1149)
	at org.testng.TestNG.run(TestNG.java:1057)
	at org.testng.remote.RemoteTestNG.run(RemoteTestNG.java:111)
	at org.testng.remote.RemoteTestNG.initAndRun(RemoteTestNG.java:204)
	at org.testng.remote.RemoteTestNG.main(RemoteTestNG.java:175)
]]>
            </full-stacktrace>
          </exception> <!-- org.testng.SkipException -->
          <reporter-output>
          </reporter-output>
        </test-method> <!-- isSkipped -->
        <test-method status="SKIP" signature="VerifyQuickPreviewButtons()[pri:0, instance:com.SL8Z.testcases.Verify_Quick_Preview_Buttons@12a484c7]" name="VerifyQuickPreviewButtons" duration-ms="0" started-at="2014-02-17T18:21:05Z" finished-at="2014-02-17T18:21:05Z">
          <reporter-output>
          </reporter-output>
        </test-method> <!-- VerifyQuickPreviewButtons -->
      </class> <!-- com.SL8Z.testcases.Verify_Quick_Preview_Buttons -->
    </test> <!-- Verify Quick Preview Buttons -->
    <test name="Verify Placement Fee" duration-ms="9" started-at="2014-02-17T12:51:05Z" finished-at="2014-02-17T12:51:05Z">
      <class name="com.SL8Z.testcases.Verify_Placement_Fee">
        <test-method status="SKIP" signature="isSkipped()[pri:0, instance:com.SL8Z.testcases.Verify_Placement_Fee@4fe3d81]" name="isSkipped" is-config="true" duration-ms="0" started-at="2014-02-17T18:21:05Z" finished-at="2014-02-17T18:21:05Z">
          <exception class="org.testng.SkipException">
            <message>
              <![CDATA[Runmode set to No]]>
            </message>
            <full-stacktrace>
              <![CDATA[org.testng.SkipException: Runmode set to No
	at com.SL8Z.testcases.Verify_Placement_Fee.isSkipped(Verify_Placement_Fee.java:15)
	at sun.reflect.NativeMethodAccessorImpl.invoke0(Native Method)
	at sun.reflect.NativeMethodAccessorImpl.invoke(NativeMethodAccessorImpl.java:57)
	at sun.reflect.DelegatingMethodAccessorImpl.invoke(DelegatingMethodAccessorImpl.java:43)
	at java.lang.reflect.Method.invoke(Method.java:606)
	at org.testng.internal.MethodInvocationHelper.invokeMethod(MethodInvocationHelper.java:84)
	at org.testng.internal.Invoker.invokeConfigurationMethod(Invoker.java:564)
	at org.testng.internal.Invoker.invokeConfigurations(Invoker.java:213)
	at org.testng.internal.Invoker.invokeConfigurations(Invoker.java:138)
	at org.testng.TestRunner.beforeRun(TestRunner.java:641)
	at org.testng.TestRunner.run(TestRunner.java:609)
	at org.testng.SuiteRunner.runTest(SuiteRunner.java:334)
	at org.testng.SuiteRunner.runSequentially(SuiteRunner.java:329)
	at org.testng.SuiteRunner.privateRun(SuiteRunner.java:291)
	at org.testng.SuiteRunner.run(SuiteRunner.java:240)
	at org.testng.SuiteRunnerWorker.runSuite(SuiteRunnerWorker.java:52)
	at org.testng.SuiteRunnerWorker.run(SuiteRunnerWorker.java:86)
	at org.testng.TestNG.runSuitesSequentially(TestNG.java:1224)
	at org.testng.TestNG.runSuitesLocally(TestNG.java:1149)
	at org.testng.TestNG.run(TestNG.java:1057)
	at org.testng.remote.RemoteTestNG.run(RemoteTestNG.java:111)
	at org.testng.remote.RemoteTestNG.initAndRun(RemoteTestNG.java:204)
	at org.testng.remote.RemoteTestNG.main(RemoteTestNG.java:175)
]]>
            </full-stacktrace>
          </exception> <!-- org.testng.SkipException -->
          <reporter-output>
          </reporter-output>
        </test-method> <!-- isSkipped -->
        <test-method status="SKIP" signature="VerifyPlacementFee()[pri:0, instance:com.SL8Z.testcases.Verify_Placement_Fee@4fe3d81]" name="VerifyPlacementFee" duration-ms="0" started-at="2014-02-17T18:21:05Z" finished-at="2014-02-17T18:21:05Z">
          <reporter-output>
          </reporter-output>
        </test-method> <!-- VerifyPlacementFee -->
      </class> <!-- com.SL8Z.testcases.Verify_Placement_Fee -->
    </test> <!-- Verify Placement Fee -->
    <test name="Verify Engagement Dashboard Page Links" duration-ms="10" started-at="2014-02-17T12:51:05Z" finished-at="2014-02-17T12:51:05Z">
      <class name="com.SL8Z.testcases.Verify_Engagement_Dashboard_Page_Links">
        <test-method status="SKIP" signature="isSkipped()[pri:0, instance:com.SL8Z.testcases.Verify_Engagement_Dashboard_Page_Links@42334f8e]" name="isSkipped" is-config="true" duration-ms="0" started-at="2014-02-17T18:21:05Z" finished-at="2014-02-17T18:21:05Z">
          <exception class="org.testng.SkipException">
            <message>
              <![CDATA[Runmode set to No]]>
            </message>
            <full-stacktrace>
              <![CDATA[org.testng.SkipException: Runmode set to No
	at com.SL8Z.testcases.Verify_Engagement_Dashboard_Page_Links.isSkipped(Verify_Engagement_Dashboard_Page_Links.java:15)
	at sun.reflect.NativeMethodAccessorImpl.invoke0(Native Method)
	at sun.reflect.NativeMethodAccessorImpl.invoke(NativeMethodAccessorImpl.java:57)
	at sun.reflect.DelegatingMethodAccessorImpl.invoke(DelegatingMethodAccessorImpl.java:43)
	at java.lang.reflect.Method.invoke(Method.java:606)
	at org.testng.internal.MethodInvocationHelper.invokeMethod(MethodInvocationHelper.java:84)
	at org.testng.internal.Invoker.invokeConfigurationMethod(Invoker.java:564)
	at org.testng.internal.Invoker.invokeConfigurations(Invoker.java:213)
	at org.testng.internal.Invoker.invokeConfigurations(Invoker.java:138)
	at org.testng.TestRunner.beforeRun(TestRunner.java:641)
	at org.testng.TestRunner.run(TestRunner.java:609)
	at org.testng.SuiteRunner.runTest(SuiteRunner.java:334)
	at org.testng.SuiteRunner.runSequentially(SuiteRunner.java:329)
	at org.testng.SuiteRunner.privateRun(SuiteRunner.java:291)
	at org.testng.SuiteRunner.run(SuiteRunner.java:240)
	at org.testng.SuiteRunnerWorker.runSuite(SuiteRunnerWorker.java:52)
	at org.testng.SuiteRunnerWorker.run(SuiteRunnerWorker.java:86)
	at org.testng.TestNG.runSuitesSequentially(TestNG.java:1224)
	at org.testng.TestNG.runSuitesLocally(TestNG.java:1149)
	at org.testng.TestNG.run(TestNG.java:1057)
	at org.testng.remote.RemoteTestNG.run(RemoteTestNG.java:111)
	at org.testng.remote.RemoteTestNG.initAndRun(RemoteTestNG.java:204)
	at org.testng.remote.RemoteTestNG.main(RemoteTestNG.java:175)
]]>
            </full-stacktrace>
          </exception> <!-- org.testng.SkipException -->
          <reporter-output>
          </reporter-output>
        </test-method> <!-- isSkipped -->
        <test-method status="SKIP" signature="VerifyEngagementDashboardPageLinks()[pri:0, instance:com.SL8Z.testcases.Verify_Engagement_Dashboard_Page_Links@42334f8e]" name="VerifyEngagementDashboardPageLinks" duration-ms="1" started-at="2014-02-17T18:21:05Z" finished-at="2014-02-17T18:21:05Z">
          <reporter-output>
          </reporter-output>
        </test-method> <!-- VerifyEngagementDashboardPageLinks -->
      </class> <!-- com.SL8Z.testcases.Verify_Engagement_Dashboard_Page_Links -->
    </test> <!-- Verify Engagement Dashboard Page Links -->
    <test name="Verify Action Buttons" duration-ms="3" started-at="2014-02-17T12:51:05Z" finished-at="2014-02-17T12:51:05Z">
      <class name="com.SL8Z.testcases.Verify_Action_Buttons">
        <test-method status="SKIP" signature="isSkipped()[pri:0, instance:com.SL8Z.testcases.Verify_Action_Buttons@7abdb4f]" name="isSkipped" is-config="true" duration-ms="0" started-at="2014-02-17T18:21:05Z" finished-at="2014-02-17T18:21:05Z">
          <exception class="org.testng.SkipException">
            <message>
              <![CDATA[Runmode set to No]]>
            </message>
            <full-stacktrace>
              <![CDATA[org.testng.SkipException: Runmode set to No
	at com.SL8Z.testcases.Verify_Action_Buttons.isSkipped(Verify_Action_Buttons.java:15)
	at sun.reflect.NativeMethodAccessorImpl.invoke0(Native Method)
	at sun.reflect.NativeMethodAccessorImpl.invoke(NativeMethodAccessorImpl.java:57)
	at sun.reflect.DelegatingMethodAccessorImpl.invoke(DelegatingMethodAccessorImpl.java:43)
	at java.lang.reflect.Method.invoke(Method.java:606)
	at org.testng.internal.MethodInvocationHelper.invokeMethod(MethodInvocationHelper.java:84)
	at org.testng.internal.Invoker.invokeConfigurationMethod(Invoker.java:564)
	at org.testng.internal.Invoker.invokeConfigurations(Invoker.java:213)
	at org.testng.internal.Invoker.invokeConfigurations(Invoker.java:138)
	at org.testng.TestRunner.beforeRun(TestRunner.java:641)
	at org.testng.TestRunner.run(TestRunner.java:609)
	at org.testng.SuiteRunner.runTest(SuiteRunner.java:334)
	at org.testng.SuiteRunner.runSequentially(SuiteRunner.java:329)
	at org.testng.SuiteRunner.privateRun(SuiteRunner.java:291)
	at org.testng.SuiteRunner.run(SuiteRunner.java:240)
	at org.testng.SuiteRunnerWorker.runSuite(SuiteRunnerWorker.java:52)
	at org.testng.SuiteRunnerWorker.run(SuiteRunnerWorker.java:86)
	at org.testng.TestNG.runSuitesSequentially(TestNG.java:1224)
	at org.testng.TestNG.runSuitesLocally(TestNG.java:1149)
	at org.testng.TestNG.run(TestNG.java:1057)
	at org.testng.remote.RemoteTestNG.run(RemoteTestNG.java:111)
	at org.testng.remote.RemoteTestNG.initAndRun(RemoteTestNG.java:204)
	at org.testng.remote.RemoteTestNG.main(RemoteTestNG.java:175)
]]>
            </full-stacktrace>
          </exception> <!-- org.testng.SkipException -->
          <reporter-output>
          </reporter-output>
        </test-method> <!-- isSkipped -->
        <test-method status="SKIP" signature="VerifyActionButtons()[pri:0, instance:com.SL8Z.testcases.Verify_Action_Buttons@7abdb4f]" name="VerifyActionButtons" duration-ms="0" started-at="2014-02-17T18:21:05Z" finished-at="2014-02-17T18:21:05Z">
          <reporter-output>
          </reporter-output>
        </test-method> <!-- VerifyActionButtons -->
      </class> <!-- com.SL8Z.testcases.Verify_Action_Buttons -->
    </test> <!-- Verify Action Buttons -->
    <test name="Verify Corresponding Numbers" duration-ms="6" started-at="2014-02-17T12:51:05Z" finished-at="2014-02-17T12:51:05Z">
      <class name="com.SL8Z.testcases.Verify_Corresponding_Numbers">
        <test-method status="SKIP" signature="isSkipped()[pri:0, instance:com.SL8Z.testcases.Verify_Corresponding_Numbers@641990ca]" name="isSkipped" is-config="true" duration-ms="0" started-at="2014-02-17T18:21:05Z" finished-at="2014-02-17T18:21:05Z">
          <exception class="org.testng.SkipException">
            <message>
              <![CDATA[Runmode set to No]]>
            </message>
            <full-stacktrace>
              <![CDATA[org.testng.SkipException: Runmode set to No
	at com.SL8Z.testcases.Verify_Corresponding_Numbers.isSkipped(Verify_Corresponding_Numbers.java:14)
	at sun.reflect.NativeMethodAccessorImpl.invoke0(Native Method)
	at sun.reflect.NativeMethodAccessorImpl.invoke(NativeMethodAccessorImpl.java:57)
	at sun.reflect.DelegatingMethodAccessorImpl.invoke(DelegatingMethodAccessorImpl.java:43)
	at java.lang.reflect.Method.invoke(Method.java:606)
	at org.testng.internal.MethodInvocationHelper.invokeMethod(MethodInvocationHelper.java:84)
	at org.testng.internal.Invoker.invokeConfigurationMethod(Invoker.java:564)
	at org.testng.internal.Invoker.invokeConfigurations(Invoker.java:213)
	at org.testng.internal.Invoker.invokeConfigurations(Invoker.java:138)
	at org.testng.TestRunner.beforeRun(TestRunner.java:641)
	at org.testng.TestRunner.run(TestRunner.java:609)
	at org.testng.SuiteRunner.runTest(SuiteRunner.java:334)
	at org.testng.SuiteRunner.runSequentially(SuiteRunner.java:329)
	at org.testng.SuiteRunner.privateRun(SuiteRunner.java:291)
	at org.testng.SuiteRunner.run(SuiteRunner.java:240)
	at org.testng.SuiteRunnerWorker.runSuite(SuiteRunnerWorker.java:52)
	at org.testng.SuiteRunnerWorker.run(SuiteRunnerWorker.java:86)
	at org.testng.TestNG.runSuitesSequentially(TestNG.java:1224)
	at org.testng.TestNG.runSuitesLocally(TestNG.java:1149)
	at org.testng.TestNG.run(TestNG.java:1057)
	at org.testng.remote.RemoteTestNG.run(RemoteTestNG.java:111)
	at org.testng.remote.RemoteTestNG.initAndRun(RemoteTestNG.java:204)
	at org.testng.remote.RemoteTestNG.main(RemoteTestNG.java:175)
]]>
            </full-stacktrace>
          </exception> <!-- org.testng.SkipException -->
          <reporter-output>
          </reporter-output>
        </test-method> <!-- isSkipped -->
        <test-method status="SKIP" signature="VerifyCorrespondingNumbers()[pri:0, instance:com.SL8Z.testcases.Verify_Corresponding_Numbers@641990ca]" name="VerifyCorrespondingNumbers" duration-ms="0" started-at="2014-02-17T18:21:05Z" finished-at="2014-02-17T18:21:05Z">
          <reporter-output>
          </reporter-output>
        </test-method> <!-- VerifyCorrespondingNumbers -->
      </class> <!-- com.SL8Z.testcases.Verify_Corresponding_Numbers -->
    </test> <!-- Verify Corresponding Numbers -->
    <test name="Verify Corresponding Number Single Job Dashboard" duration-ms="4" started-at="2014-02-17T12:51:05Z" finished-at="2014-02-17T12:51:05Z">
      <class name="com.SL8Z.testcases.Verify_Corresponding_Number_Single_Job_Dashboard$Verify_Corresponding_Numbers">
        <test-method status="SKIP" signature="isSkipped()[pri:0, instance:com.SL8Z.testcases.Verify_Corresponding_Number_Single_Job_Dashboard$Verify_Corresponding_Numbers@1ab95774]" name="isSkipped" is-config="true" duration-ms="0" started-at="2014-02-17T18:21:05Z" finished-at="2014-02-17T18:21:05Z">
          <exception class="org.testng.SkipException">
            <message>
              <![CDATA[Runmode set to No]]>
            </message>
            <full-stacktrace>
              <![CDATA[org.testng.SkipException: Runmode set to No
	at com.SL8Z.testcases.Verify_Corresponding_Number_Single_Job_Dashboard$Verify_Corresponding_Numbers.isSkipped(Verify_Corresponding_Number_Single_Job_Dashboard.java:16)
	at sun.reflect.NativeMethodAccessorImpl.invoke0(Native Method)
	at sun.reflect.NativeMethodAccessorImpl.invoke(NativeMethodAccessorImpl.java:57)
	at sun.reflect.DelegatingMethodAccessorImpl.invoke(DelegatingMethodAccessorImpl.java:43)
	at java.lang.reflect.Method.invoke(Method.java:606)
	at org.testng.internal.MethodInvocationHelper.invokeMethod(MethodInvocationHelper.java:84)
	at org.testng.internal.Invoker.invokeConfigurationMethod(Invoker.java:564)
	at org.testng.internal.Invoker.invokeConfigurations(Invoker.java:213)
	at org.testng.internal.Invoker.invokeConfigurations(Invoker.java:138)
	at org.testng.TestRunner.beforeRun(TestRunner.java:641)
	at org.testng.TestRunner.run(TestRunner.java:609)
	at org.testng.SuiteRunner.runTest(SuiteRunner.java:334)
	at org.testng.SuiteRunner.runSequentially(SuiteRunner.java:329)
	at org.testng.SuiteRunner.privateRun(SuiteRunner.java:291)
	at org.testng.SuiteRunner.run(SuiteRunner.java:240)
	at org.testng.SuiteRunnerWorker.runSuite(SuiteRunnerWorker.java:52)
	at org.testng.SuiteRunnerWorker.run(SuiteRunnerWorker.java:86)
	at org.testng.TestNG.runSuitesSequentially(TestNG.java:1224)
	at org.testng.TestNG.runSuitesLocally(TestNG.java:1149)
	at org.testng.TestNG.run(TestNG.java:1057)
	at org.testng.remote.RemoteTestNG.run(RemoteTestNG.java:111)
	at org.testng.remote.RemoteTestNG.initAndRun(RemoteTestNG.java:204)
	at org.testng.remote.RemoteTestNG.main(RemoteTestNG.java:175)
]]>
            </full-stacktrace>
          </exception> <!-- org.testng.SkipException -->
          <reporter-output>
          </reporter-output>
        </test-method> <!-- isSkipped -->
        <test-method status="SKIP" signature="VerifyCorrespondingNumberSingleJobDashboard()[pri:0, instance:com.SL8Z.testcases.Verify_Corresponding_Number_Single_Job_Dashboard$Verify_Corresponding_Numbers@1ab95774]" name="VerifyCorrespondingNumberSingleJobDashboard" duration-ms="0" started-at="2014-02-17T18:21:05Z" finished-at="2014-02-17T18:21:05Z">
          <reporter-output>
          </reporter-output>
        </test-method> <!-- VerifyCorrespondingNumberSingleJobDashboard -->
      </class> <!-- com.SL8Z.testcases.Verify_Corresponding_Number_Single_Job_Dashboard$Verify_Corresponding_Numbers -->
    </test> <!-- Verify Corresponding Number Single Job Dashboard -->
    <test name="Verify Action Buttons Single Job Dashboard" duration-ms="74717" started-at="2014-02-17T12:51:05Z" finished-at="2014-02-17T12:52:20Z">
      <class name="com.SL8Z.testcases.Verify_Action_Buttons_Single_Job_Dashboard">
        <test-method status="PASS" signature="isSkipped()[pri:0, instance:com.SL8Z.testcases.Verify_Action_Buttons_Single_Job_Dashboard@7b37676c]" name="isSkipped" is-config="true" duration-ms="2" started-at="2014-02-17T18:21:05Z" finished-at="2014-02-17T18:21:05Z">
          <reporter-output>
          </reporter-output>
        </test-method> <!-- isSkipped -->
        <test-method status="PASS" signature="VerifyActionButtonsSingleJobDashboard()[pri:0, instance:com.SL8Z.testcases.Verify_Action_Buttons_Single_Job_Dashboard@7b37676c]" name="VerifyActionButtonsSingleJobDashboard" duration-ms="74714" started-at="2014-02-17T18:21:05Z" finished-at="2014-02-17T18:22:20Z">
          <reporter-output>
            <line>
              <![CDATA[Navigated to QA Server]]>
            </line>
            <line>
              <![CDATA[Clicked on Login Link]]>
            </line>
            <line>
              <![CDATA[Clicked on Login button]]>
            </line>
            <line>
              <![CDATA[Clicked on edit button]]>
            </line>
            <line>
              <![CDATA[Verified edit button  navigates to new job posting page]]>
            </line>
            <line>
              <![CDATA[Clicked on edit button]]>
            </line>
            <line>
              <![CDATA[Verified view button  navigates to View Position page]]>
            </line>
            <line>
              <![CDATA[Clicked on Engage button]]>
            </line>
            <line>
              <![CDATA[Clicked on OnHold button]]>
            </line>
            <line>
              <![CDATA[Verified Position is OnHold]]>
            </line>
            <line>
              <![CDATA[Clicked on Resume button]]>
            </line>
            <line>
              <![CDATA[Clicked on cancel button]]>
            </line>
            <line>
              <![CDATA[Clicked on Confirm Cancel button]]>
            </line>
            <line>
              <![CDATA[Verified Auto post 003 is Cancelled]]>
            </line>
            <line>
              <![CDATA[Clicked on logout button]]>
            </line>
          </reporter-output>
        </test-method> <!-- VerifyActionButtonsSingleJobDashboard -->
      </class> <!-- com.SL8Z.testcases.Verify_Action_Buttons_Single_Job_Dashboard -->
      <class name="com.SL8Z.testcases.Verify_Quick_Preview_Buttons">
        <test-method status="PASS" signature="initialize()[pri:0, instance:com.SL8Z.testcases.Verify_Quick_Preview_Buttons@12a484c7]" name="initialize" is-config="true" duration-ms="3139" started-at="2014-02-17T18:21:01Z" finished-at="2014-02-17T18:21:05Z">
          <reporter-output>
          </reporter-output>
        </test-method> <!-- initialize -->
        <test-method status="PASS" signature="closeBrowser()[pri:0, instance:com.SL8Z.testcases.Verify_Quick_Preview_Buttons@12a484c7]" name="closeBrowser" is-config="true" duration-ms="1170" started-at="2014-02-17T18:22:20Z" finished-at="2014-02-17T18:22:21Z">
          <reporter-output>
          </reporter-output>
        </test-method> <!-- closeBrowser -->
      </class> <!-- com.SL8Z.testcases.Verify_Quick_Preview_Buttons -->
    </test> <!-- Verify Action Buttons Single Job Dashboard -->
  </suite> <!-- SL8Z-Project -->
</testng-results>
