<?xml version="1.0" encoding="UTF-8"?>
<testng-results skipped="1" failed="0" total="1" passed="0">
  <reporter-output>
  </reporter-output>
  <suite name="Default suite" duration-ms="76" started-at="2014-01-22T11:00:01Z" finished-at="2014-01-22T11:00:01Z">
    <groups>
    </groups>
    <test name="Default test" duration-ms="76" started-at="2014-01-22T11:00:01Z" finished-at="2014-01-22T11:00:01Z">
      <class name="SL8Z.SL8Z_Project_Testng.Create_New_Search">
        <test-method status="FAIL" signature="beforeTest()[pri:0, instance:SL8Z.SL8Z_Project_Testng.Create_New_Search@54084b8a]" name="beforeTest" is-config="true" duration-ms="0" started-at="2014-01-22T16:30:01Z" finished-at="2014-01-22T16:30:01Z">
          <exception class="java.lang.IllegalStateException">
            <message>
              <![CDATA[The driver executable does not exist: C:\Users\i\workspace\SL8Z-Project-Testng\chrome\chromedriver.exe]]>
            </message>
            <full-stacktrace>
              <![CDATA[java.lang.IllegalStateException: The driver executable does not exist: C:\Users\i\workspace\SL8Z-Project-Testng\chrome\chromedriver.exe
	at com.google.common.base.Preconditions.checkState(Preconditions.java:177)
	at org.openqa.selenium.remote.service.DriverService.checkExecutable(DriverService.java:117)
	at org.openqa.selenium.remote.service.DriverService.findExecutable(DriverService.java:112)
	at org.openqa.selenium.chrome.ChromeDriverService.createDefaultService(ChromeDriverService.java:75)
	at org.openqa.selenium.chrome.ChromeDriver.<init>(ChromeDriver.java:107)
	at SL8Z.SL8Z_Project_Testng.Create_New_Search.beforeTest(Create_New_Search.java:151)
	at sun.reflect.NativeMethodAccessorImpl.invoke0(Native Method)
	at sun.reflect.NativeMethodAccessorImpl.invoke(Unknown Source)
	at sun.reflect.DelegatingMethodAccessorImpl.invoke(Unknown Source)
	at java.lang.reflect.Method.invoke(Unknown Source)
	at org.testng.internal.MethodInvocationHelper.invokeMethod(MethodInvocationHelper.java:84)
	at org.testng.internal.Invoker.invokeConfigurationMethod(Invoker.java:564)
	at org.testng.internal.Invoker.invokeConfigurations(Invoker.java:213)
	at org.testng.internal.Invoker.invokeConfigurations(Invoker.java:138)
	at org.testng.TestRunner.beforeRun(TestRunner.java:641)
	at org.testng.TestRunner.run(TestRunner.java:609)
	at org.testng.SuiteRunner.runTest(SuiteRunner.java:334)
	at org.testng.SuiteRunner.runSequentially(SuiteRunner.java:329)
	at org.testng.SuiteRunner.privateRun(SuiteRunner.java:291)
	at org.testng.SuiteRunner.run(SuiteRunner.java:240)
	at org.testng.SuiteRunnerWorker.runSuite(SuiteRunnerWorker.java:52)
	at org.testng.SuiteRunnerWorker.run(SuiteRunnerWorker.java:86)
	at org.testng.TestNG.runSuitesSequentially(TestNG.java:1224)
	at org.testng.TestNG.runSuitesLocally(TestNG.java:1149)
	at org.testng.TestNG.run(TestNG.java:1057)
	at org.testng.remote.RemoteTestNG.run(RemoteTestNG.java:111)
	at org.testng.remote.RemoteTestNG.initAndRun(RemoteTestNG.java:204)
	at org.testng.remote.RemoteTestNG.main(RemoteTestNG.java:175)
]]>
            </full-stacktrace>
          </exception> <!-- java.lang.IllegalStateException -->
          <reporter-output>
          </reporter-output>
        </test-method> <!-- beforeTest -->
        <test-method status="SKIP" signature="Login()[pri:0, instance:SL8Z.SL8Z_Project_Testng.Create_New_Search@54084b8a]" name="Login" duration-ms="0" started-at="2014-01-22T16:30:01Z" finished-at="2014-01-22T16:30:01Z">
          <reporter-output>
          </reporter-output>
        </test-method> <!-- Login -->
        <test-method status="SKIP" signature="afterTest()[pri:0, instance:SL8Z.SL8Z_Project_Testng.Create_New_Search@54084b8a]" name="afterTest" is-config="true" duration-ms="0" started-at="2014-01-22T16:30:01Z" finished-at="2014-01-22T16:30:01Z">
          <reporter-output>
          </reporter-output>
        </test-method> <!-- afterTest -->
      </class> <!-- SL8Z.SL8Z_Project_Testng.Create_New_Search -->
    </test> <!-- Default test -->
  </suite> <!-- Default suite -->
</testng-results>
